<?xml version="1.0" encoding="UTF-8"?>
<testsuite xmlns:xsi="http://www.w3.org/2001/XMLSchema-instance" xsi:noNamespaceSchemaLocation="https://maven.apache.org/surefire/maven-surefire-plugin/xsd/surefire-test-report-3.0.xsd" version="3.0" name="io.github.holkex.DocumentValidatorTest" time="0.044" tests="6" errors="0" skipped="0" failures="0">
  <properties>
[...]
</properties>
  <testcase name="shouldValidateValidCpf" classname="io.github.holkex.DocumentValidatorTest" time="0.019"/>
  <testcase name="shouldFormatCnpj" classname="io.github.holkex.DocumentValidatorTest" time="0.001"/>
  <testcase name="shouldRejectInvalidCnpj" classname="io.github.holkex.DocumentValidatorTest" time="0.001"/>
  <testcase name="shouldValidateValidCnpj" classname="io.github.holkex.DocumentValidatorTest" time="0.001"/>
  <testcase name="shouldFormatCpf" classname="io.github.holkex.DocumentValidatorTest" time="0.0"/>
  <testcase name="shouldRejectInvalidCpf" classname="io.github.holkex.DocumentValidatorTest" time="0.0"/>
</testsuite>